[2013-03-17 18:15:46] request.ERROR: Symfony\Component\HttpKernel\Exception\NotFoundHttpException: No route found for "GET /bundles/bootstrap/css/bootstrap.min.css" (uncaught exception) at /Users/thomasleduc/Documents/Projets/WEB/Projets/ArrasFilm/vendor/symfony/symfony/src/Symfony/Component/HttpKernel/EventListener/RouterListener.php line 92 [] []
[2013-03-17 18:15:46] request.ERROR: Symfony\Component\HttpKernel\Exception\NotFoundHttpException: No route found for "GET /bundles/bootstrap/css/main.css" (uncaught exception) at /Users/thomasleduc/Documents/Projets/WEB/Projets/ArrasFilm/vendor/symfony/symfony/src/Symfony/Component/HttpKernel/EventListener/RouterListener.php line 92 [] []
[2013-03-17 18:16:13] request.ERROR: Symfony\Component\HttpKernel\Exception\NotFoundHttpException: No route found for "GET /bundles/bootstrap/css/bootstrap.min.css" (uncaught exception) at /Users/thomasleduc/Documents/Projets/WEB/Projets/ArrasFilm/vendor/symfony/symfony/src/Symfony/Component/HttpKernel/EventListener/RouterListener.php line 92 [] []
[2013-03-17 18:16:13] request.ERROR: Symfony\Component\HttpKernel\Exception\NotFoundHttpException: No route found for "GET /bundles/bootstrap/css/main.css" (uncaught exception) at /Users/thomasleduc/Documents/Projets/WEB/Projets/ArrasFilm/vendor/symfony/symfony/src/Symfony/Component/HttpKernel/EventListener/RouterListener.php line 92 [] []
[2013-03-17 18:16:13] request.ERROR: Symfony\Component\HttpKernel\Exception\NotFoundHttpException: No route found for "GET /bundles/bootstrap/css/normalize.css" (uncaught exception) at /Users/thomasleduc/Documents/Projets/WEB/Projets/ArrasFilm/vendor/symfony/symfony/src/Symfony/Component/HttpKernel/EventListener/RouterListener.php line 92 [] []
[2013-07-09 17:44:18] request.INFO: Matched route "front_office_homepage" (parameters: "_controller": "ArrasFilmFestival\FrontOfficeBundle\Controller\PageController::homeAction", "_route": "front_office_homepage") [] []
[2013-07-09 17:44:18] security.INFO: Populated SecurityContext with an anonymous Token [] []
[2013-07-09 17:44:18] request.CRITICAL: Twig_Error_Syntax: The function "dump" does not exist in "FrontOfficeBundle:Page:home.html.twig" at line 50 (uncaught exception) at /Users/thomasleduc/Documents/Projets/Symfony/Arras Film Festival/vendor/twig/twig/lib/Twig/ExpressionParser.php line 555 [] []
[2013-07-09 17:44:18] security.DEBUG: Write SecurityContext in the session [] []
[2013-07-09 17:44:22] request.INFO: Matched route "front_office_homepage" (parameters: "_controller": "ArrasFilmFestival\FrontOfficeBundle\Controller\PageController::homeAction", "_route": "front_office_homepage") [] []
[2013-07-09 17:44:22] security.INFO: Populated SecurityContext with an anonymous Token [] []
[2013-07-09 17:44:22] request.CRITICAL: Twig_Error_Syntax: The function "dump" does not exist in "FrontOfficeBundle:Page:home.html.twig" at line 50 (uncaught exception) at /Users/thomasleduc/Documents/Projets/Symfony/Arras Film Festival/vendor/twig/twig/lib/Twig/ExpressionParser.php line 555 [] []
[2013-07-09 17:44:22] security.DEBUG: Write SecurityContext in the session [] []
[2013-07-09 17:55:44] request.ERROR: Symfony\Component\HttpKernel\Exception\NotFoundHttpException: No route found for "GET /article/" (uncaught exception) at /Users/thomasleduc/Documents/Projets/Symfony/Arras Film Festival/app/cache/prod/classes.php line 5156 [] []
[2013-07-09 18:01:59] request.INFO: Matched route "front_office_showarticlepage" (parameters: "_controller": "ArrasFilmFestival\FrontOfficeBundle\Controller\PageController::showarticleAction", "id": "13", "_route": "front_office_showarticlepage") [] []
[2013-07-09 18:01:59] security.INFO: Populated SecurityContext with an anonymous Token [] []
[2013-07-09 18:01:59] request.CRITICAL: RuntimeException: Controller "ArrasFilmFestival\FrontOfficeBundle\Controller\PageController::showarticleAction()" requires that you provide a value for the "$slug" argument (because there is no default value or because there is a non optional argument after this one). (uncaught exception) at /Users/thomasleduc/Documents/Projets/Symfony/Arras Film Festival/vendor/symfony/symfony/src/Symfony/Component/HttpKernel/Controller/ControllerResolver.php line 132 [] []
[2013-07-09 18:01:59] security.DEBUG: Write SecurityContext in the session [] []
[2013-07-09 18:02:08] request.INFO: Matched route "front_office_showarticlepage" (parameters: "_controller": "ArrasFilmFestival\FrontOfficeBundle\Controller\PageController::showarticleAction", "id": "12", "_route": "front_office_showarticlepage") [] []
[2013-07-09 18:02:08] security.INFO: Populated SecurityContext with an anonymous Token [] []
[2013-07-09 18:02:08] request.CRITICAL: RuntimeException: Controller "ArrasFilmFestival\FrontOfficeBundle\Controller\PageController::showarticleAction()" requires that you provide a value for the "$slug" argument (because there is no default value or because there is a non optional argument after this one). (uncaught exception) at /Users/thomasleduc/Documents/Projets/Symfony/Arras Film Festival/app/cache/prod/classes.php line 5289 [] []
[2013-07-09 18:02:08] security.DEBUG: Write SecurityContext in the session [] []
[2013-07-09 18:04:01] request.INFO: Matched route "front_office_showarticlepage" (parameters: "_controller": "ArrasFilmFestival\FrontOfficeBundle\Controller\PageController::proutAction", "slug": "un-dernier-test", "_route": "front_office_showarticlepage") [] []
[2013-07-09 18:04:01] security.INFO: Populated SecurityContext with an anonymous Token [] []
[2013-07-09 18:04:01] request.CRITICAL: InvalidArgumentException: Method "ArrasFilmFestival\FrontOfficeBundle\Controller\PageController::proutAction" does not exist. (uncaught exception) at /Users/thomasleduc/Documents/Projets/Symfony/Arras Film Festival/vendor/symfony/symfony/src/Symfony/Component/HttpKernel/Controller/ControllerResolver.php line 82 [] []
[2013-07-09 18:04:01] security.DEBUG: Write SecurityContext in the session [] []
[2013-07-09 18:04:09] request.INFO: Matched route "front_office_showarticlepage" (parameters: "_controller": "ArrasFilmFestival\FrontOfficeBundle\Controller\PageController::proutAction", "slug": "un-dernier-test", "_route": "front_office_showarticlepage") [] []
[2013-07-09 18:04:10] security.INFO: Populated SecurityContext with an anonymous Token [] []
[2013-07-09 18:04:10] request.CRITICAL: InvalidArgumentException: Method "ArrasFilmFestival\FrontOfficeBundle\Controller\PageController::proutAction" does not exist. (uncaught exception) at /Users/thomasleduc/Documents/Projets/Symfony/Arras Film Festival/app/cache/prod/classes.php line 5248 [] []
[2013-07-09 18:04:10] security.DEBUG: Write SecurityContext in the session [] []
[2013-07-09 18:04:11] request.INFO: Matched route "front_office_showarticlepage" (parameters: "_controller": "ArrasFilmFestival\FrontOfficeBundle\Controller\PageController::proutAction", "slug": "un-dernier-test", "_route": "front_office_showarticlepage") [] []
[2013-07-09 18:04:11] security.INFO: Populated SecurityContext with an anonymous Token [] []
[2013-07-09 18:04:11] request.CRITICAL: InvalidArgumentException: Method "ArrasFilmFestival\FrontOfficeBundle\Controller\PageController::proutAction" does not exist. (uncaught exception) at /Users/thomasleduc/Documents/Projets/Symfony/Arras Film Festival/app/cache/prod/classes.php line 5248 [] []
[2013-07-09 18:04:11] security.DEBUG: Write SecurityContext in the session [] []
[2013-07-09 18:04:25] request.INFO: Matched route "front_office_showarticlepage" (parameters: "_controller": "ArrasFilmFestival\FrontOfficeBundle\Controller\PageController::proutAction", "slug": "un-dernier-test", "_route": "front_office_showarticlepage") [] []
[2013-07-09 18:04:25] security.INFO: Populated SecurityContext with an anonymous Token [] []
[2013-07-09 18:04:25] request.CRITICAL: InvalidArgumentException: Method "ArrasFilmFestival\FrontOfficeBundle\Controller\PageController::proutAction" does not exist. (uncaught exception) at /Users/thomasleduc/Documents/Projets/Symfony/Arras Film Festival/app/cache/prod/classes.php line 5248 [] []
[2013-07-09 18:04:25] security.DEBUG: Write SecurityContext in the session [] []
[2013-07-09 18:04:26] request.INFO: Matched route "front_office_showarticlepage" (parameters: "_controller": "ArrasFilmFestival\FrontOfficeBundle\Controller\PageController::proutAction", "slug": "un-dernier-test", "_route": "front_office_showarticlepage") [] []
[2013-07-09 18:04:26] security.INFO: Populated SecurityContext with an anonymous Token [] []
[2013-07-09 18:04:26] request.CRITICAL: InvalidArgumentException: Method "ArrasFilmFestival\FrontOfficeBundle\Controller\PageController::proutAction" does not exist. (uncaught exception) at /Users/thomasleduc/Documents/Projets/Symfony/Arras Film Festival/app/cache/prod/classes.php line 5248 [] []
[2013-07-09 18:04:26] security.DEBUG: Write SecurityContext in the session [] []
[2013-07-09 18:04:26] request.INFO: Matched route "front_office_showarticlepage" (parameters: "_controller": "ArrasFilmFestival\FrontOfficeBundle\Controller\PageController::proutAction", "slug": "un-dernier-test", "_route": "front_office_showarticlepage") [] []
[2013-07-09 18:04:26] security.INFO: Populated SecurityContext with an anonymous Token [] []
[2013-07-09 18:04:26] request.CRITICAL: InvalidArgumentException: Method "ArrasFilmFestival\FrontOfficeBundle\Controller\PageController::proutAction" does not exist. (uncaught exception) at /Users/thomasleduc/Documents/Projets/Symfony/Arras Film Festival/app/cache/prod/classes.php line 5248 [] []
[2013-07-09 18:04:26] security.DEBUG: Write SecurityContext in the session [] []
[2013-07-09 18:05:30] request.INFO: Matched route "front_office_showarticlepage" (parameters: "_controller": "ArrasFilmFestival\FrontOfficeBundle\Controller\PageController::showAction", "slug": "un-dernier-test", "_route": "front_office_showarticlepage") [] []
[2013-07-09 18:05:30] security.INFO: Populated SecurityContext with an anonymous Token [] []
[2013-07-09 18:05:30] request.CRITICAL: LogicException: The controller must return a response (null given). Did you forget to add a return statement somewhere in your controller? (uncaught exception) at /Users/thomasleduc/Documents/Projets/Symfony/Arras Film Festival/app/bootstrap.php.cache line 1444 [] []
[2013-07-09 18:05:30] security.DEBUG: Write SecurityContext in the session [] []
[2013-07-09 18:26:46] request.ERROR: Symfony\Component\HttpKernel\Exception\NotFoundHttpException: No route found for "GET /article/" (uncaught exception) at /Users/thomasleduc/Documents/Projets/Symfony/Arras Film Festival/app/cache/prod/classes.php line 5156 [] []
[2013-07-11 14:36:58] event.DEBUG: Notified event "kernel.request" to listener "Symfony\Bundle\FrameworkBundle\EventListener\SessionListener::onKernelRequest". [] []
[2013-07-11 14:36:58] event.DEBUG: Notified event "kernel.request" to listener "Symfony\Component\HttpKernel\EventListener\RouterListener::onKernelRequest". [] []
[2013-07-11 14:36:58] request.INFO: Matched route "front_office_showarticlepage" (parameters: "_controller": "ArrasFilmFestival\FrontOfficeBundle\Controller\PageController::showAction", "slug": "lorem-ipsum-articl", "_route": "front_office_showarticlepage") [] []
[2013-07-11 14:36:58] event.DEBUG: Notified event "kernel.request" to listener "Symfony\Component\HttpKernel\EventListener\LocaleListener::onKernelRequest". [] []
[2013-07-11 14:36:58] event.DEBUG: Notified event "kernel.request" to listener "Symfony\Component\Security\Http\Firewall::onKernelRequest". [] []
[2013-07-11 14:36:58] security.INFO: Populated SecurityContext with an anonymous Token [] []
[2013-07-11 14:36:58] event.DEBUG: Notified event "kernel.request" to listener "Knp\Bundle\PaginatorBundle\Subscriber\SlidingPaginationSubscriber::onKernelRequest". [] []
[2013-07-11 14:36:58] event.DEBUG: Notified event "kernel.controller" to listener "Sensio\Bundle\FrameworkExtraBundle\EventListener\ControllerListener::onKernelController". [] []
[2013-07-11 14:36:58] event.DEBUG: Notified event "kernel.controller" to listener "Sensio\Bundle\FrameworkExtraBundle\EventListener\ParamConverterListener::onKernelController". [] []
[2013-07-11 14:36:58] event.DEBUG: Notified event "kernel.controller" to listener "Sensio\Bundle\FrameworkExtraBundle\EventListener\TemplateListener::onKernelController". [] []
[2013-07-11 14:36:58] doctrine.DEBUG: SELECT a0_.id AS id0, a0_.title AS title1, a0_.content AS content2, a0_.slug AS slug3, a0_.created AS created4, a0_.isEnabled AS isEnabled5, a0_.user_id AS user_id6 FROM Article a0_ WHERE a0_.slug = ? ["lorem-ipsum-articl"] []
[2013-07-11 14:36:58] event.DEBUG: Notified event "kernel.exception" to listener "Symfony\Component\Security\Http\Firewall\ExceptionListener::onKernelException". [] []
[2013-07-11 14:36:58] event.DEBUG: Notified event "kernel.exception" to listener "Symfony\Component\HttpKernel\EventListener\ExceptionListener::onKernelException". [] []
[2013-07-11 14:36:58] request.CRITICAL: ErrorException: Notice: Undefined offset: 0 in /Users/thomasleduc/Documents/Projets/Symfony/Arras Film Festival/src/ArrasFilmFestival/FrontOfficeBundle/Controller/PageController.php line 49 (uncaught exception) at /Users/thomasleduc/Documents/Projets/Symfony/Arras Film Festival/src/ArrasFilmFestival/FrontOfficeBundle/Controller/PageController.php line 49 [] []
[2013-07-11 14:36:58] event.DEBUG: Notified event "kernel.request" to listener "Symfony\Bundle\FrameworkBundle\EventListener\SessionListener::onKernelRequest". [] []
[2013-07-11 14:36:58] event.DEBUG: Notified event "kernel.request" to listener "Symfony\Component\HttpKernel\EventListener\RouterListener::onKernelRequest". [] []
[2013-07-11 14:36:58] event.DEBUG: Notified event "kernel.request" to listener "Symfony\Component\HttpKernel\EventListener\LocaleListener::onKernelRequest". [] []
[2013-07-11 14:36:58] event.DEBUG: Notified event "kernel.request" to listener "Symfony\Component\Security\Http\Firewall::onKernelRequest". [] []
[2013-07-11 14:36:58] event.DEBUG: Notified event "kernel.request" to listener "Knp\Bundle\PaginatorBundle\Subscriber\SlidingPaginationSubscriber::onKernelRequest". [] []
[2013-07-11 14:36:58] event.DEBUG: Notified event "kernel.controller" to listener "Sensio\Bundle\FrameworkExtraBundle\EventListener\ControllerListener::onKernelController". [] []
[2013-07-11 14:36:58] event.DEBUG: Notified event "kernel.controller" to listener "Sensio\Bundle\FrameworkExtraBundle\EventListener\ParamConverterListener::onKernelController". [] []
[2013-07-11 14:36:58] event.DEBUG: Notified event "kernel.controller" to listener "Sensio\Bundle\FrameworkExtraBundle\EventListener\TemplateListener::onKernelController". [] []
[2013-07-11 14:36:58] event.DEBUG: Notified event "kernel.response" to listener "Symfony\Component\Security\Http\Firewall\ContextListener::onKernelResponse". [] []
[2013-07-11 14:36:58] event.DEBUG: Notified event "kernel.response" to listener "Symfony\Component\Security\Http\RememberMe\ResponseListener::onKernelResponse". [] []
[2013-07-11 14:36:58] event.DEBUG: Notified event "kernel.response" to listener "Sensio\Bundle\FrameworkExtraBundle\EventListener\CacheListener::onKernelResponse". [] []
[2013-07-11 14:36:58] event.DEBUG: Notified event "kernel.response" to listener "Symfony\Component\HttpKernel\EventListener\ResponseListener::onKernelResponse". [] []
[2013-07-11 14:36:58] event.DEBUG: Notified event "kernel.response" to listener "Symfony\Component\HttpKernel\EventListener\LocaleListener::onKernelResponse". [] []
[2013-07-11 14:36:58] event.DEBUG: Notified event "kernel.response" to listener "Symfony\Component\HttpKernel\EventListener\StreamedResponseListener::onKernelResponse". [] []
[2013-07-11 14:36:58] event.DEBUG: Listener "Symfony\Component\HttpKernel\EventListener\ExceptionListener::onKernelException" stopped propagation of the event "kernel.exception". [] []
[2013-07-11 14:36:58] event.DEBUG: Notified event "kernel.response" to listener "Symfony\Component\Security\Http\Firewall\ContextListener::onKernelResponse". [] []
[2013-07-11 14:36:58] security.DEBUG: Write SecurityContext in the session [] []
[2013-07-11 14:36:58] event.DEBUG: Notified event "kernel.response" to listener "Symfony\Component\Security\Http\RememberMe\ResponseListener::onKernelResponse". [] []
[2013-07-11 14:36:58] event.DEBUG: Notified event "kernel.response" to listener "Sensio\Bundle\FrameworkExtraBundle\EventListener\CacheListener::onKernelResponse". [] []
[2013-07-11 14:36:58] event.DEBUG: Notified event "kernel.response" to listener "Symfony\Component\HttpKernel\EventListener\ResponseListener::onKernelResponse". [] []
[2013-07-11 14:36:58] event.DEBUG: Notified event "kernel.response" to listener "Symfony\Component\HttpKernel\EventListener\LocaleListener::onKernelResponse". [] []
[2013-07-11 14:36:58] event.DEBUG: Notified event "kernel.response" to listener "Symfony\Component\HttpKernel\EventListener\StreamedResponseListener::onKernelResponse". [] []
[2013-07-11 14:36:58] event.DEBUG: Notified event "kernel.terminate" to listener "Symfony\Bundle\SwiftmailerBundle\EventListener\EmailSenderListener::onKernelTerminate". [] []
[2013-07-11 18:54:28] event.DEBUG: Notified event "kernel.request" to listener "Symfony\Bundle\FrameworkBundle\EventListener\SessionListener::onKernelRequest". [] []
[2013-07-11 18:54:28] event.DEBUG: Notified event "kernel.request" to listener "Symfony\Component\HttpKernel\EventListener\RouterListener::onKernelRequest". [] []
[2013-07-11 18:54:28] request.INFO: Matched route "front_office_homepage" (parameters: "_controller": "ArrasFilmFestival\FrontOfficeBundle\Controller\PageController::homeAction", "_route": "front_office_homepage") [] []
[2013-07-11 18:54:28] event.DEBUG: Notified event "kernel.request" to listener "Symfony\Component\HttpKernel\EventListener\LocaleListener::onKernelRequest". [] []
[2013-07-11 18:54:28] event.DEBUG: Notified event "kernel.request" to listener "Symfony\Component\Security\Http\Firewall::onKernelRequest". [] []
[2013-07-11 18:54:28] security.INFO: Populated SecurityContext with an anonymous Token [] []
[2013-07-11 18:54:28] event.DEBUG: Notified event "kernel.request" to listener "Knp\Bundle\PaginatorBundle\Subscriber\SlidingPaginationSubscriber::onKernelRequest". [] []
[2013-07-11 18:54:28] event.DEBUG: Notified event "kernel.controller" to listener "Sensio\Bundle\FrameworkExtraBundle\EventListener\ControllerListener::onKernelController". [] []
[2013-07-11 18:54:28] event.DEBUG: Notified event "kernel.controller" to listener "Sensio\Bundle\FrameworkExtraBundle\EventListener\ParamConverterListener::onKernelController". [] []
[2013-07-11 18:54:28] event.DEBUG: Notified event "kernel.controller" to listener "Sensio\Bundle\FrameworkExtraBundle\EventListener\TemplateListener::onKernelController". [] []
[2013-07-11 18:54:28] doctrine.DEBUG: SELECT a0_.id AS id0, a0_.title AS title1, a0_.content AS content2, a0_.slug AS slug3, a0_.created AS created4, a0_.isEnabled AS isEnabled5, a0_.user_id AS user_id6 FROM Article a0_ ORDER BY a0_.created DESC LIMIT 5 [] []
[2013-07-11 18:54:28] doctrine.DEBUG: SELECT e0_.id AS id0, e0_.name AS name1, e0_.description AS description2, e0_.lieu AS lieu3, e0_.startDate AS startDate4, e0_.endDate AS endDate5 FROM Event e0_ WHERE e0_.startDate > CURRENT_TIMESTAMP ORDER BY e0_.startDate ASC LIMIT 1 [] []
[2013-07-11 18:54:28] event.DEBUG: Notified event "kernel.exception" to listener "Symfony\Component\Security\Http\Firewall\ExceptionListener::onKernelException". [] []
[2013-07-11 18:54:28] event.DEBUG: Notified event "kernel.exception" to listener "Symfony\Component\HttpKernel\EventListener\ExceptionListener::onKernelException". [] []
[2013-07-11 18:54:28] request.CRITICAL: ErrorException: Notice: Undefined offset: 0 in /Users/thomasleduc/Documents/Projets/Symfony/Arras Film Festival/src/ArrasFilmFestival/FrontOfficeBundle/Controller/PageController.php line 23 (uncaught exception) at /Users/thomasleduc/Documents/Projets/Symfony/Arras Film Festival/src/ArrasFilmFestival/FrontOfficeBundle/Controller/PageController.php line 23 [] []
[2013-07-11 18:54:28] event.DEBUG: Notified event "kernel.request" to listener "Symfony\Bundle\FrameworkBundle\EventListener\SessionListener::onKernelRequest". [] []
[2013-07-11 18:54:28] event.DEBUG: Notified event "kernel.request" to listener "Symfony\Component\HttpKernel\EventListener\RouterListener::onKernelRequest". [] []
[2013-07-11 18:54:28] event.DEBUG: Notified event "kernel.request" to listener "Symfony\Component\HttpKernel\EventListener\LocaleListener::onKernelRequest". [] []
[2013-07-11 18:54:28] event.DEBUG: Notified event "kernel.request" to listener "Symfony\Component\Security\Http\Firewall::onKernelRequest". [] []
[2013-07-11 18:54:28] event.DEBUG: Notified event "kernel.request" to listener "Knp\Bundle\PaginatorBundle\Subscriber\SlidingPaginationSubscriber::onKernelRequest". [] []
[2013-07-11 18:54:28] event.DEBUG: Notified event "kernel.controller" to listener "Sensio\Bundle\FrameworkExtraBundle\EventListener\ControllerListener::onKernelController". [] []
[2013-07-11 18:54:28] event.DEBUG: Notified event "kernel.controller" to listener "Sensio\Bundle\FrameworkExtraBundle\EventListener\ParamConverterListener::onKernelController". [] []
[2013-07-11 18:54:28] event.DEBUG: Notified event "kernel.controller" to listener "Sensio\Bundle\FrameworkExtraBundle\EventListener\TemplateListener::onKernelController". [] []
[2013-07-11 18:54:28] event.DEBUG: Notified event "kernel.response" to listener "Symfony\Component\Security\Http\Firewall\ContextListener::onKernelResponse". [] []
[2013-07-11 18:54:28] event.DEBUG: Notified event "kernel.response" to listener "Symfony\Component\Security\Http\RememberMe\ResponseListener::onKernelResponse". [] []
[2013-07-11 18:54:28] event.DEBUG: Notified event "kernel.response" to listener "Sensio\Bundle\FrameworkExtraBundle\EventListener\CacheListener::onKernelResponse". [] []
[2013-07-11 18:54:28] event.DEBUG: Notified event "kernel.response" to listener "Symfony\Component\HttpKernel\EventListener\ResponseListener::onKernelResponse". [] []
[2013-07-11 18:54:28] event.DEBUG: Notified event "kernel.response" to listener "Symfony\Component\HttpKernel\EventListener\LocaleListener::onKernelResponse". [] []
[2013-07-11 18:54:28] event.DEBUG: Notified event "kernel.response" to listener "Symfony\Component\HttpKernel\EventListener\StreamedResponseListener::onKernelResponse". [] []
[2013-07-11 18:54:28] event.DEBUG: Listener "Symfony\Component\HttpKernel\EventListener\ExceptionListener::onKernelException" stopped propagation of the event "kernel.exception". [] []
[2013-07-11 18:54:28] event.DEBUG: Notified event "kernel.response" to listener "Symfony\Component\Security\Http\Firewall\ContextListener::onKernelResponse". [] []
[2013-07-11 18:54:28] security.DEBUG: Write SecurityContext in the session [] []
[2013-07-11 18:54:28] event.DEBUG: Notified event "kernel.response" to listener "Symfony\Component\Security\Http\RememberMe\ResponseListener::onKernelResponse". [] []
[2013-07-11 18:54:28] event.DEBUG: Notified event "kernel.response" to listener "Sensio\Bundle\FrameworkExtraBundle\EventListener\CacheListener::onKernelResponse". [] []
[2013-07-11 18:54:28] event.DEBUG: Notified event "kernel.response" to listener "Symfony\Component\HttpKernel\EventListener\ResponseListener::onKernelResponse". [] []
[2013-07-11 18:54:28] event.DEBUG: Notified event "kernel.response" to listener "Symfony\Component\HttpKernel\EventListener\LocaleListener::onKernelResponse". [] []
[2013-07-11 18:54:28] event.DEBUG: Notified event "kernel.response" to listener "Symfony\Component\HttpKernel\EventListener\StreamedResponseListener::onKernelResponse". [] []
[2013-07-11 18:54:28] event.DEBUG: Notified event "kernel.terminate" to listener "Symfony\Bundle\SwiftmailerBundle\EventListener\EmailSenderListener::onKernelTerminate". [] []
[2013-07-11 18:54:41] event.DEBUG: Notified event "kernel.request" to listener "Symfony\Bundle\FrameworkBundle\EventListener\SessionListener::onKernelRequest". [] []
[2013-07-11 18:54:41] event.DEBUG: Notified event "kernel.request" to listener "Symfony\Component\HttpKernel\EventListener\RouterListener::onKernelRequest". [] []
[2013-07-11 18:54:41] request.INFO: Matched route "front_office_homepage" (parameters: "_controller": "ArrasFilmFestival\FrontOfficeBundle\Controller\PageController::homeAction", "_route": "front_office_homepage") [] []
[2013-07-11 18:54:41] event.DEBUG: Notified event "kernel.request" to listener "Symfony\Component\HttpKernel\EventListener\LocaleListener::onKernelRequest". [] []
[2013-07-11 18:54:41] event.DEBUG: Notified event "kernel.request" to listener "Symfony\Component\Security\Http\Firewall::onKernelRequest". [] []
[2013-07-11 18:54:41] security.INFO: Populated SecurityContext with an anonymous Token [] []
[2013-07-11 18:54:41] event.DEBUG: Notified event "kernel.request" to listener "Knp\Bundle\PaginatorBundle\Subscriber\SlidingPaginationSubscriber::onKernelRequest". [] []
[2013-07-11 18:54:41] event.DEBUG: Notified event "kernel.controller" to listener "Sensio\Bundle\FrameworkExtraBundle\EventListener\ControllerListener::onKernelController". [] []
[2013-07-11 18:54:41] event.DEBUG: Notified event "kernel.controller" to listener "Sensio\Bundle\FrameworkExtraBundle\EventListener\ParamConverterListener::onKernelController". [] []
[2013-07-11 18:54:41] event.DEBUG: Notified event "kernel.controller" to listener "Sensio\Bundle\FrameworkExtraBundle\EventListener\TemplateListener::onKernelController". [] []
[2013-07-11 18:54:41] doctrine.DEBUG: SELECT a0_.id AS id0, a0_.title AS title1, a0_.content AS content2, a0_.slug AS slug3, a0_.created AS created4, a0_.isEnabled AS isEnabled5, a0_.user_id AS user_id6 FROM Article a0_ ORDER BY a0_.created DESC LIMIT 5 [] []
[2013-07-11 18:54:41] doctrine.DEBUG: SELECT e0_.id AS id0, e0_.name AS name1, e0_.description AS description2, e0_.lieu AS lieu3, e0_.startDate AS startDate4, e0_.endDate AS endDate5 FROM Event e0_ WHERE e0_.startDate > CURRENT_TIMESTAMP ORDER BY e0_.startDate ASC LIMIT 1 [] []
[2013-07-11 18:54:41] event.DEBUG: Notified event "kernel.exception" to listener "Symfony\Component\Security\Http\Firewall\ExceptionListener::onKernelException". [] []
[2013-07-11 18:54:41] event.DEBUG: Notified event "kernel.exception" to listener "Symfony\Component\HttpKernel\EventListener\ExceptionListener::onKernelException". [] []
[2013-07-11 18:54:41] request.CRITICAL: ErrorException: Notice: Undefined offset: 0 in /Users/thomasleduc/Documents/Projets/Symfony/Arras Film Festival/src/ArrasFilmFestival/FrontOfficeBundle/Controller/PageController.php line 23 (uncaught exception) at /Users/thomasleduc/Documents/Projets/Symfony/Arras Film Festival/src/ArrasFilmFestival/FrontOfficeBundle/Controller/PageController.php line 23 [] []
[2013-07-11 18:54:41] event.DEBUG: Notified event "kernel.request" to listener "Symfony\Bundle\FrameworkBundle\EventListener\SessionListener::onKernelRequest". [] []
[2013-07-11 18:54:41] event.DEBUG: Notified event "kernel.request" to listener "Symfony\Component\HttpKernel\EventListener\RouterListener::onKernelRequest". [] []
[2013-07-11 18:54:41] event.DEBUG: Notified event "kernel.request" to listener "Symfony\Component\HttpKernel\EventListener\LocaleListener::onKernelRequest". [] []
[2013-07-11 18:54:41] event.DEBUG: Notified event "kernel.request" to listener "Symfony\Component\Security\Http\Firewall::onKernelRequest". [] []
[2013-07-11 18:54:41] event.DEBUG: Notified event "kernel.request" to listener "Knp\Bundle\PaginatorBundle\Subscriber\SlidingPaginationSubscriber::onKernelRequest". [] []
[2013-07-11 18:54:41] event.DEBUG: Notified event "kernel.controller" to listener "Sensio\Bundle\FrameworkExtraBundle\EventListener\ControllerListener::onKernelController". [] []
[2013-07-11 18:54:41] event.DEBUG: Notified event "kernel.controller" to listener "Sensio\Bundle\FrameworkExtraBundle\EventListener\ParamConverterListener::onKernelController". [] []
[2013-07-11 18:54:41] event.DEBUG: Notified event "kernel.controller" to listener "Sensio\Bundle\FrameworkExtraBundle\EventListener\TemplateListener::onKernelController". [] []
[2013-07-11 18:54:42] event.DEBUG: Notified event "kernel.response" to listener "Symfony\Component\Security\Http\Firewall\ContextListener::onKernelResponse". [] []
[2013-07-11 18:54:42] event.DEBUG: Notified event "kernel.response" to listener "Symfony\Component\Security\Http\RememberMe\ResponseListener::onKernelResponse". [] []
[2013-07-11 18:54:42] event.DEBUG: Notified event "kernel.response" to listener "Sensio\Bundle\FrameworkExtraBundle\EventListener\CacheListener::onKernelResponse". [] []
[2013-07-11 18:54:42] event.DEBUG: Notified event "kernel.response" to listener "Symfony\Component\HttpKernel\EventListener\ResponseListener::onKernelResponse". [] []
[2013-07-11 18:54:42] event.DEBUG: Notified event "kernel.response" to listener "Symfony\Component\HttpKernel\EventListener\LocaleListener::onKernelResponse". [] []
[2013-07-11 18:54:42] event.DEBUG: Notified event "kernel.response" to listener "Symfony\Component\HttpKernel\EventListener\StreamedResponseListener::onKernelResponse". [] []
[2013-07-11 18:54:42] event.DEBUG: Listener "Symfony\Component\HttpKernel\EventListener\ExceptionListener::onKernelException" stopped propagation of the event "kernel.exception". [] []
[2013-07-11 18:54:42] event.DEBUG: Notified event "kernel.response" to listener "Symfony\Component\Security\Http\Firewall\ContextListener::onKernelResponse". [] []
[2013-07-11 18:54:42] security.DEBUG: Write SecurityContext in the session [] []
[2013-07-11 18:54:42] event.DEBUG: Notified event "kernel.response" to listener "Symfony\Component\Security\Http\RememberMe\ResponseListener::onKernelResponse". [] []
[2013-07-11 18:54:42] event.DEBUG: Notified event "kernel.response" to listener "Sensio\Bundle\FrameworkExtraBundle\EventListener\CacheListener::onKernelResponse". [] []
[2013-07-11 18:54:42] event.DEBUG: Notified event "kernel.response" to listener "Symfony\Component\HttpKernel\EventListener\ResponseListener::onKernelResponse". [] []
[2013-07-11 18:54:42] event.DEBUG: Notified event "kernel.response" to listener "Symfony\Component\HttpKernel\EventListener\LocaleListener::onKernelResponse". [] []
[2013-07-11 18:54:42] event.DEBUG: Notified event "kernel.response" to listener "Symfony\Component\HttpKernel\EventListener\StreamedResponseListener::onKernelResponse". [] []
[2013-07-11 18:54:42] event.DEBUG: Notified event "kernel.terminate" to listener "Symfony\Bundle\SwiftmailerBundle\EventListener\EmailSenderListener::onKernelTerminate". [] []
